c:\users\lenovo\desktop\wndgameframework001\wndgameframework001\x64\debug\vc143.pdb
c:\users\lenovo\desktop\wndgameframework001\wndgameframework001\x64\debug\vc143.idb
c:\users\lenovo\desktop\wndgameframework001\wndgameframework001\x64\debug\wndgameframework001.obj
c:\users\lenovo\desktop\wndgameframework001\wndgameframework001\x64\debug\sprite.obj
c:\users\lenovo\desktop\wndgameframework001\wndgameframework001\x64\debug\mainproc.obj
c:\users\lenovo\desktop\wndgameframework001\wndgameframework001\x64\debug\gameloop.obj
c:\users\lenovo\desktop\wndgameframework001\wndgameframework001\x64\debug\doublebuffer.obj
c:\users\lenovo\desktop\wndgameframework001\wndgameframework001\x64\debug\aboutproc.obj
c:\users\lenovo\desktop\wndgameframework001\wndgameframework001\x64\debug\background.obj
c:\users\lenovo\desktop\wndgameframework001\wndgameframework001\x64\debug\boss.obj
c:\users\lenovo\desktop\wndgameframework001\wndgameframework001\x64\debug\wndgameframework001.pch
c:\users\lenovo\desktop\wndgameframework001\wndgameframework001\x64\debug\pch.obj
c:\users\lenovo\desktop\wndgameframework001\wndgameframework001\x64\debug\mermaidobj.obj
c:\users\lenovo\desktop\wndgameframework001\wndgameframework001\x64\debug\wndgameframework001.exe
c:\users\lenovo\desktop\wndgameframework001\wndgameframework001\x64\debug\wndgameframework001.ilk
c:\users\lenovo\desktop\wndgameframework001\wndgameframework001\x64\debug\wndgameframework001.pdb
c:\users\lenovo\desktop\wndgameframework001\wndgameframework001\x64\debug\wndgameframework001.res
c:\users\lenovo\desktop\wndgameframework001\wndgameframework001\x64\debug\wndgamef.06a7508a.tlog\cl.command.1.tlog
c:\users\lenovo\desktop\wndgameframework001\wndgameframework001\x64\debug\wndgamef.06a7508a.tlog\cl.read.1.tlog
c:\users\lenovo\desktop\wndgameframework001\wndgameframework001\x64\debug\wndgamef.06a7508a.tlog\cl.write.1.tlog
c:\users\lenovo\desktop\wndgameframework001\wndgameframework001\x64\debug\wndgamef.06a7508a.tlog\link.command.1.tlog
c:\users\lenovo\desktop\wndgameframework001\wndgameframework001\x64\debug\wndgamef.06a7508a.tlog\link.read.1.tlog
c:\users\lenovo\desktop\wndgameframework001\wndgameframework001\x64\debug\wndgamef.06a7508a.tlog\link.write.1.tlog
c:\users\lenovo\desktop\wndgameframework001\wndgameframework001\x64\debug\wndgamef.06a7508a.tlog\rc.command.1.tlog
c:\users\lenovo\desktop\wndgameframework001\wndgameframework001\x64\debug\wndgamef.06a7508a.tlog\rc.read.1.tlog
c:\users\lenovo\desktop\wndgameframework001\wndgameframework001\x64\debug\wndgamef.06a7508a.tlog\rc.write.1.tlog
